#
# There is insufficient memory for the Java Runtime Environment to continue.
# Native memory allocation (malloc) failed to allocate 1655696 bytes for Chunk::new
# Possible reasons:
#   The system is out of physical RAM or swap space
#   The process is running with CompressedOops enabled, and the Java Heap may be blocking the growth of the native heap
# Possible solutions:
#   Reduce memory load on the system
#   Increase physical memory or swap space
#   Check if swap backing store is full
#   Decrease Java heap size (-Xmx/-Xms)
#   Decrease number of Java threads
#   Decrease Java thread stack sizes (-Xss)
#   Set larger code cache with -XX:ReservedCodeCacheSize=
#   JVM is running with Unscaled Compressed Oops mode in which the Java heap is
#     placed in the first 4GB address space. The Java Heap base address is the
#     maximum limit for the native heap growth. Please use -XX:HeapBaseMinAddress
#     to set the Java Heap base and to place the Java Heap above 4GB virtual address.
# This output file may be truncated or incomplete.
#
#  Out of Memory Error (./src/hotspot/share/memory/arena.cpp:197), pid=2112, tid=13772
#
# JRE version: OpenJDK Runtime Environment (11.0.11+9) (build 11.0.11+9-b60-7590822)
# Java VM: OpenJDK 64-Bit Server VM (11.0.11+9-b60-7590822, mixed mode, tiered, compressed oops, g1 gc, windows-amd64)
# No core dump will be written. Minidumps are not enabled by default on client versions of Windows
#

---------------  S U M M A R Y ------------

Command Line: --add-opens=java.base/java.util=ALL-UNNAMED --add-opens=java.base/java.lang=ALL-UNNAMED --add-opens=java.base/java.lang.invoke=ALL-UNNAMED --add-opens=java.base/java.util=ALL-UNNAMED --add-opens=java.prefs/java.util.prefs=ALL-UNNAMED --add-opens=java.prefs/java.util.prefs=ALL-UNNAMED --add-opens=java.base/java.nio.charset=ALL-UNNAMED --add-opens=java.base/java.net=ALL-UNNAMED --add-opens=java.base/java.util.concurrent.atomic=ALL-UNNAMED -Xmx2048m -Dfile.encoding=UTF-8 -Duser.country=US -Duser.language=en -Duser.variant org.gradle.launcher.daemon.bootstrap.GradleDaemon 7.2

Host: Intel(R) Core(TM) i5-10400F CPU @ 2.90GHz, 12 cores, 15G,  Windows 10 , 64 bit Build 19041 (10.0.19041.1645)
Time: Wed May  4 17:10:03 2022 Pacific Daylight Time elapsed time: 89.204655 seconds (0d 0h 1m 29s)

---------------  T H R E A D  ---------------

Current thread (0x00000225b6657000):  JavaThread "C2 CompilerThread0" daemon [_thread_in_native, id=13772, stack(0x000000a7c5700000,0x000000a7c5800000)]


Current CompileTask:
C2:  89204 14753       4       org.gradle.internal.service.DefaultServiceRegistry$SingletonService::get (5 bytes)

Stack: [0x000000a7c5700000,0x000000a7c5800000]
Native frames: (J=compiled Java code, j=interpreted, Vv=VM code, C=native code)
V  [jvm.dll+0x5f214a]
V  [jvm.dll+0x726fb5]
V  [jvm.dll+0x7285cd]
V  [jvm.dll+0x728c83]
V  [jvm.dll+0x243278]
V  [jvm.dll+0xbc53c]
V  [jvm.dll+0xbca3c]
V  [jvm.dll+0x353e3b]
V  [jvm.dll+0x19875c]
V  [jvm.dll+0x1fc2ee]
V  [jvm.dll+0x1fb3d4]
V  [jvm.dll+0x183d6c]
V  [jvm.dll+0x209a57]
V  [jvm.dll+0x2082a1]
V  [jvm.dll+0x6ef58f]
V  [jvm.dll+0x6e80b5]
V  [jvm.dll+0x5f1036]
C  [ucrtbase.dll+0x21bb2]
C  [KERNEL32.DLL+0x17034]
C  [ntdll.dll+0x52651]


---------------  P R O C E S S  ---------------

Threads class SMR info:
_java_thread_list=0x00000225b89c5580, length=46, elements={
0x000002259ac98800, 0x00000225b65df000, 0x00000225b65e8000, 0x00000225b663e800,
0x00000225b6640800, 0x00000225b6642000, 0x00000225b6657000, 0x00000225b6658000,
0x00000225b6662000, 0x00000225b67b9000, 0x00000225b7854000, 0x00000225b6ade800,
0x00000225b860a000, 0x00000225b8c71800, 0x00000225b9827800, 0x00000225b89d9000,
0x00000225b89d6800, 0x00000225b89db000, 0x00000225b89d5800, 0x00000225b89d7000,
0x00000225b89d9800, 0x00000225b903a800, 0x00000225b903e800, 0x00000225b903b000,
0x00000225b903d000, 0x00000225b903c000, 0x00000225b903f800, 0x00000225b9039800,
0x00000225b9042800, 0x00000225b9040000, 0x00000225b9043800, 0x00000225b9041000,
0x00000225b9044000, 0x00000225b9046800, 0x00000225bf824800, 0x00000225bc549800,
0x00000225bc54d800, 0x00000225bc54b000, 0x00000225bc54c000, 0x00000225bc54c800,
0x00000225bc548000, 0x00000225bc54e800, 0x00000225bc548800, 0x00000225bc551000,
0x00000225bc552800, 0x00000225bc554000
}

Java Threads: ( => current thread )
  0x000002259ac98800 JavaThread "main" [_thread_blocked, id=6960, stack(0x000000a7c4b00000,0x000000a7c4c00000)]
  0x00000225b65df000 JavaThread "Reference Handler" daemon [_thread_blocked, id=19520, stack(0x000000a7c5200000,0x000000a7c5300000)]
  0x00000225b65e8000 JavaThread "Finalizer" daemon [_thread_blocked, id=20036, stack(0x000000a7c5300000,0x000000a7c5400000)]
  0x00000225b663e800 JavaThread "Signal Dispatcher" daemon [_thread_blocked, id=20848, stack(0x000000a7c5400000,0x000000a7c5500000)]
  0x00000225b6640800 JavaThread "Attach Listener" daemon [_thread_blocked, id=19524, stack(0x000000a7c5500000,0x000000a7c5600000)]
  0x00000225b6642000 JavaThread "Service Thread" daemon [_thread_blocked, id=10764, stack(0x000000a7c5600000,0x000000a7c5700000)]
=>0x00000225b6657000 JavaThread "C2 CompilerThread0" daemon [_thread_in_native, id=13772, stack(0x000000a7c5700000,0x000000a7c5800000)]
  0x00000225b6658000 JavaThread "C1 CompilerThread0" daemon [_thread_blocked, id=15684, stack(0x000000a7c5800000,0x000000a7c5900000)]
  0x00000225b6662000 JavaThread "Sweeper thread" daemon [_thread_blocked, id=9980, stack(0x000000a7c5900000,0x000000a7c5a00000)]
  0x00000225b67b9000 JavaThread "Common-Cleaner" daemon [_thread_blocked, id=22612, stack(0x000000a7c5a00000,0x000000a7c5b00000)]
  0x00000225b7854000 JavaThread "Daemon health stats" [_thread_blocked, id=16172, stack(0x000000a7c6300000,0x000000a7c6400000)]
  0x00000225b6ade800 JavaThread "Incoming local TCP Connector on port 54822" [_thread_in_native, id=2292, stack(0x000000a7c5d00000,0x000000a7c5e00000)]
  0x00000225b860a000 JavaThread "Daemon periodic checks" [_thread_blocked, id=12668, stack(0x000000a7c6400000,0x000000a7c6500000)]
  0x00000225b8c71800 JavaThread "Daemon" [_thread_blocked, id=7280, stack(0x000000a7c6500000,0x000000a7c6600000)]
  0x00000225b9827800 JavaThread "Daemon worker" [_thread_in_native, id=1292, stack(0x000000a7c6800000,0x000000a7c6900000)]
  0x00000225b89d9000 JavaThread "Cache worker for journal cache (C:\Users\Albert Chen\.gradle\caches\journal-1)" [_thread_blocked, id=12860, stack(0x000000a7c6c00000,0x000000a7c6d00000)]
  0x00000225b89d6800 JavaThread "File lock request listener" [_thread_in_native, id=12852, stack(0x000000a7c6d00000,0x000000a7c6e00000)]
  0x00000225b89db000 JavaThread "Cache worker for file hash cache (C:\Users\Albert Chen\.gradle\caches\7.2\fileHashes)" [_thread_blocked, id=15280, stack(0x000000a7c7400000,0x000000a7c7500000)]
  0x00000225b89d5800 JavaThread "File watcher server" daemon [_thread_in_native, id=11348, stack(0x000000a7c7600000,0x000000a7c7700000)]
  0x00000225b89d7000 JavaThread "File watcher consumer" daemon [_thread_blocked, id=4644, stack(0x000000a7c7700000,0x000000a7c7800000)]
  0x00000225b89d9800 JavaThread "jar transforms" [_thread_blocked, id=6484, stack(0x000000a7c7900000,0x000000a7c7a00000)]
  0x00000225b903a800 JavaThread "jar transforms Thread 2" [_thread_blocked, id=16388, stack(0x000000a7c7a00000,0x000000a7c7b00000)]
  0x00000225b903e800 JavaThread "jar transforms Thread 3" [_thread_blocked, id=24356, stack(0x000000a7c7b00000,0x000000a7c7c00000)]
  0x00000225b903b000 JavaThread "jar transforms Thread 4" [_thread_blocked, id=23692, stack(0x000000a7c7c00000,0x000000a7c7d00000)]
  0x00000225b903d000 JavaThread "jar transforms Thread 5" [_thread_blocked, id=20140, stack(0x000000a7c7d00000,0x000000a7c7e00000)]
  0x00000225b903c000 JavaThread "jar transforms Thread 6" [_thread_blocked, id=24020, stack(0x000000a7c7e00000,0x000000a7c7f00000)]
  0x00000225b903f800 JavaThread "jar transforms Thread 7" [_thread_blocked, id=23048, stack(0x000000a7c7f00000,0x000000a7c8000000)]
  0x00000225b9039800 JavaThread "jar transforms Thread 8" [_thread_blocked, id=19264, stack(0x000000a7c8000000,0x000000a7c8100000)]
  0x00000225b9042800 JavaThread "jar transforms Thread 9" [_thread_blocked, id=17772, stack(0x000000a7c8100000,0x000000a7c8200000)]
  0x00000225b9040000 JavaThread "jar transforms Thread 10" [_thread_blocked, id=19696, stack(0x000000a7c8200000,0x000000a7c8300000)]
  0x00000225b9043800 JavaThread "jar transforms Thread 11" [_thread_blocked, id=8272, stack(0x000000a7c8300000,0x000000a7c8400000)]
  0x00000225b9041000 JavaThread "jar transforms Thread 12" [_thread_blocked, id=23660, stack(0x000000a7c8400000,0x000000a7c8500000)]
  0x00000225b9044000 JavaThread "Cache worker for execution history cache (C:\Users\Albert Chen\.gradle\caches\7.2\executionHistory)" [_thread_blocked, id=2812, stack(0x000000a7c8700000,0x000000a7c8800000)]
  0x00000225b9046800 JavaThread "Cache worker for file content cache (C:\Users\Albert Chen\.gradle\caches\7.2\fileContent)" [_thread_blocked, id=20952, stack(0x000000a7c8900000,0x000000a7c8a00000)]
  0x00000225bf824800 JavaThread "Memory manager" [_thread_blocked, id=22580, stack(0x000000a7d0300000,0x000000a7d0400000)]
  0x00000225bc549800 JavaThread "Handler for socket connection from /127.0.0.1:54822 to /127.0.0.1:62016" [_thread_in_native, id=8444, stack(0x000000a7c4800000,0x000000a7c4900000)]
  0x00000225bc54d800 JavaThread "Cancel handler" [_thread_blocked, id=5316, stack(0x000000a7c4900000,0x000000a7c4a00000)]
  0x00000225bc54b000 JavaThread "Asynchronous log dispatcher for DefaultDaemonConnection: socket connection from /127.0.0.1:54822 to /127.0.0.1:62016" [_thread_blocked, id=18560, stack(0x000000a7c4a00000,0x000000a7c4b00000)]
  0x00000225bc54c000 JavaThread "Stdin handler" [_thread_blocked, id=15928, stack(0x000000a7c6600000,0x000000a7c6700000)]
  0x00000225bc54c800 JavaThread "Daemon client event forwarder" [_thread_blocked, id=15116, stack(0x000000a7c6700000,0x000000a7c6800000)]
  0x00000225bc548000 JavaThread "Cache worker for file hash cache (D:\Android\Zooseeker\.gradle\7.2\fileHashes)" [_thread_blocked, id=14272, stack(0x000000a7c6900000,0x000000a7c6a00000)]
  0x00000225bc54e800 JavaThread "Cache worker for checksums cache (D:\Android\Zooseeker\.gradle\checksums)" [_thread_blocked, id=5956, stack(0x000000a7c6a00000,0x000000a7c6b00000)]
  0x00000225bc548800 JavaThread "Cache worker for cache directory md-supplier (C:\Users\Albert Chen\.gradle\caches\7.2\md-supplier)" [_thread_blocked, id=17740, stack(0x000000a7c6b00000,0x000000a7c6c00000)]
  0x00000225bc551000 JavaThread "Cache worker for cache directory md-rule (C:\Users\Albert Chen\.gradle\caches\7.2\md-rule)" [_thread_blocked, id=22788, stack(0x000000a7c7500000,0x000000a7c7600000)]
  0x00000225bc552800 JavaThread "Cache worker for dependencies-accessors (D:\Android\Zooseeker\.gradle\7.2\dependencies-accessors)" [_thread_blocked, id=3024, stack(0x000000a7c7800000,0x000000a7c7900000)]
  0x00000225bc554000 JavaThread "Cache worker for Build Output Cleanup Cache (D:\Android\Zooseeker\.gradle\buildOutputCleanup)" [_thread_blocked, id=4884, stack(0x000000a7c8500000,0x000000a7c8600000)]

Other Threads:
  0x00000225b65db000 VMThread "VM Thread" [stack: 0x000000a7c5100000,0x000000a7c5200000] [id=8368]
  0x00000225b67d6800 WatcherThread [stack: 0x000000a7c5b00000,0x000000a7c5c00000] [id=7424]
  0x000002259acb1800 GCTaskThread "GC Thread#0" [stack: 0x000000a7c4c00000,0x000000a7c4d00000] [id=7456]
  0x00000225b6da1800 GCTaskThread "GC Thread#1" [stack: 0x000000a7c5e00000,0x000000a7c5f00000] [id=24948]
  0x00000225b7681000 GCTaskThread "GC Thread#2" [stack: 0x000000a7c5f00000,0x000000a7c6000000] [id=11604]
  0x00000225b7127800 GCTaskThread "GC Thread#3" [stack: 0x000000a7c6000000,0x000000a7c6100000] [id=19808]
  0x00000225b7481800 GCTaskThread "GC Thread#4" [stack: 0x000000a7c6100000,0x000000a7c6200000] [id=10788]
  0x00000225b7053000 GCTaskThread "GC Thread#5" [stack: 0x000000a7c6200000,0x000000a7c6300000] [id=21748]
  0x00000225b89a4800 GCTaskThread "GC Thread#6" [stack: 0x000000a7c6e00000,0x000000a7c6f00000] [id=7256]
  0x00000225b90c8000 GCTaskThread "GC Thread#7" [stack: 0x000000a7c6f00000,0x000000a7c7000000] [id=21236]
  0x00000225b926c800 GCTaskThread "GC Thread#8" [stack: 0x000000a7c7000000,0x000000a7c7100000] [id=13484]
  0x00000225b926d800 GCTaskThread "GC Thread#9" [stack: 0x000000a7c7100000,0x000000a7c7200000] [id=11540]
  0x000002259ace7800 ConcurrentGCThread "G1 Main Marker" [stack: 0x000000a7c4d00000,0x000000a7c4e00000] [id=14672]
  0x000002259ace9000 ConcurrentGCThread "G1 Conc#0" [stack: 0x000000a7c4e00000,0x000000a7c4f00000] [id=25344]
  0x00000225b78a1000 ConcurrentGCThread "G1 Conc#1" [stack: 0x000000a7c7200000,0x000000a7c7300000] [id=21324]
  0x00000225b8bbf800 ConcurrentGCThread "G1 Conc#2" [stack: 0x000000a7c7300000,0x000000a7c7400000] [id=21840]
  0x00000225b5c2c000 ConcurrentGCThread "G1 Refine#0" [stack: 0x000000a7c4f00000,0x000000a7c5000000] [id=11468]
  0x00000225b5c2d000 ConcurrentGCThread "G1 Young RemSet Sampling" [stack: 0x000000a7c5000000,0x000000a7c5100000] [id=7476]

Threads with active compile tasks:
C2 CompilerThread0  89265 14753       4       org.gradle.internal.service.DefaultServiceRegistry$SingletonService::get (5 bytes)

VM state:not at safepoint (normal execution)

VM Mutex/Monitor currently owned by a thread: None

Heap address: 0x0000000080000000, size: 2048 MB, Compressed Oops mode: 32-bit
Narrow klass base: 0x0000000000000000, Narrow klass shift: 3
Compressed class space size: 1073741824 Address: 0x0000000100000000

Heap:
 garbage-first heap   total 262144K, used 218079K [0x0000000080000000, 0x0000000100000000)
  region size 1024K, 102 young (104448K), 6 survivors (6144K)
 Metaspace       used 110647K, capacity 114058K, committed 114340K, reserved 1148928K
  class space    used 14228K, capacity 15497K, committed 15576K, reserved 1048576K
Heap Regions: E=young(eden), S=young(survivor), O=old, HS=humongous(starts), HC=humongous(continues), CS=collection set, F=free, A=archive, TAMS=top-at-mark-start (previous, next)
|   0|0x0000000080000000, 0x0000000080100000, 0x0000000080100000|100%| O|  |TAMS 0x0000000080100000, 0x0000000080000000| Untracked 
|   1|0x0000000080100000, 0x0000000080200000, 0x0000000080200000|100%| O|  |TAMS 0x0000000080200000, 0x0000000080100000| Untracked 
|   2|0x0000000080200000, 0x0000000080300000, 0x0000000080300000|100%| O|  |TAMS 0x0000000080300000, 0x0000000080200000| Untracked 
|   3|0x0000000080300000, 0x0000000080400000, 0x0000000080400000|100%|HS|  |TAMS 0x0000000080400000, 0x0000000080300000| Complete 
|   4|0x0000000080400000, 0x0000000080500000, 0x0000000080500000|100%|HC|  |TAMS 0x0000000080500000, 0x0000000080400000| Complete 
|   5|0x0000000080500000, 0x0000000080600000, 0x0000000080600000|100%|HC|  |TAMS 0x0000000080600000, 0x0000000080500000| Complete 
|   6|0x0000000080600000, 0x0000000080700000, 0x0000000080700000|100%| O|  |TAMS 0x0000000080700000, 0x0000000080600000| Untracked 
|   7|0x0000000080700000, 0x0000000080800000, 0x0000000080800000|100%| O|  |TAMS 0x0000000080800000, 0x0000000080700000| Untracked 
|   8|0x0000000080800000, 0x0000000080900000, 0x0000000080900000|100%| O|  |TAMS 0x0000000080900000, 0x0000000080800000| Untracked 
|   9|0x0000000080900000, 0x0000000080a00000, 0x0000000080a00000|100%| O|  |TAMS 0x0000000080a00000, 0x0000000080900000| Untracked 
|  10|0x0000000080a00000, 0x0000000080b00000, 0x0000000080b00000|100%| O|  |TAMS 0x0000000080b00000, 0x0000000080a00000| Untracked 
|  11|0x0000000080b00000, 0x0000000080c00000, 0x0000000080c00000|100%| O|  |TAMS 0x0000000080c00000, 0x0000000080b00000| Untracked 
|  12|0x0000000080c00000, 0x0000000080d00000, 0x0000000080d00000|100%| O|  |TAMS 0x0000000080d00000, 0x0000000080c00000| Untracked 
|  13|0x0000000080d00000, 0x0000000080e00000, 0x0000000080e00000|100%| O|  |TAMS 0x0000000080e00000, 0x0000000080d00000| Untracked 
|  14|0x0000000080e00000, 0x0000000080f00000, 0x0000000080f00000|100%| O|  |TAMS 0x0000000080f00000, 0x0000000080e00000| Untracked 
|  15|0x0000000080f00000, 0x0000000081000000, 0x0000000081000000|100%| O|  |TAMS 0x0000000081000000, 0x0000000080f00000| Untracked 
|  16|0x0000000081000000, 0x0000000081100000, 0x0000000081100000|100%| O|  |TAMS 0x0000000081100000, 0x0000000081000000| Untracked 
|  17|0x0000000081100000, 0x0000000081200000, 0x0000000081200000|100%|HS|  |TAMS 0x0000000081200000, 0x0000000081100000| Complete 
|  18|0x0000000081200000, 0x0000000081300000, 0x0000000081300000|100%|HC|  |TAMS 0x0000000081300000, 0x0000000081200000| Complete 
|  19|0x0000000081300000, 0x0000000081400000, 0x0000000081400000|100%|HS|  |TAMS 0x0000000081400000, 0x0000000081300000| Complete 
|  20|0x0000000081400000, 0x0000000081500000, 0x0000000081500000|100%|HC|  |TAMS 0x0000000081500000, 0x0000000081400000| Complete 
|  21|0x0000000081500000, 0x0000000081600000, 0x0000000081600000|100%|HC|  |TAMS 0x0000000081600000, 0x0000000081500000| Complete 
|  22|0x0000000081600000, 0x0000000081700000, 0x0000000081700000|100%|HS|  |TAMS 0x0000000081700000, 0x0000000081600000| Complete 
|  23|0x0000000081700000, 0x0000000081800000, 0x0000000081800000|100%|HC|  |TAMS 0x0000000081800000, 0x0000000081700000| Complete 
|  24|0x0000000081800000, 0x0000000081900000, 0x0000000081900000|100%|HC|  |TAMS 0x0000000081900000, 0x0000000081800000| Complete 
|  25|0x0000000081900000, 0x0000000081a00000, 0x0000000081a00000|100%|HC|  |TAMS 0x0000000081a00000, 0x0000000081900000| Complete 
|  26|0x0000000081a00000, 0x0000000081b00000, 0x0000000081b00000|100%|HS|  |TAMS 0x0000000081b00000, 0x0000000081a00000| Complete 
|  27|0x0000000081b00000, 0x0000000081c00000, 0x0000000081c00000|100%|HC|  |TAMS 0x0000000081c00000, 0x0000000081b00000| Complete 
|  28|0x0000000081c00000, 0x0000000081d00000, 0x0000000081d00000|100%|HC|  |TAMS 0x0000000081d00000, 0x0000000081c00000| Complete 
|  29|0x0000000081d00000, 0x0000000081e00000, 0x0000000081e00000|100%| O|  |TAMS 0x0000000081e00000, 0x0000000081d00000| Untracked 
|  30|0x0000000081e00000, 0x0000000081f00000, 0x0000000081f00000|100%| O|  |TAMS 0x0000000081f00000, 0x0000000081e00000| Untracked 
|  31|0x0000000081f00000, 0x0000000082000000, 0x0000000082000000|100%| O|  |TAMS 0x0000000082000000, 0x0000000081f00000| Untracked 
|  32|0x0000000082000000, 0x0000000082100000, 0x0000000082100000|100%| O|  |TAMS 0x0000000082100000, 0x0000000082000000| Untracked 
|  33|0x0000000082100000, 0x0000000082200000, 0x0000000082200000|100%| O|  |TAMS 0x0000000082200000, 0x0000000082100000| Untracked 
|  34|0x0000000082200000, 0x0000000082300000, 0x0000000082300000|100%| O|  |TAMS 0x0000000082300000, 0x0000000082200000| Untracked 
|  35|0x0000000082300000, 0x0000000082400000, 0x0000000082400000|100%| O|  |TAMS 0x0000000082400000, 0x0000000082300000| Untracked 
|  36|0x0000000082400000, 0x0000000082500000, 0x0000000082500000|100%| O|  |TAMS 0x0000000082400000, 0x0000000082400000| Untracked 
|  37|0x0000000082500000, 0x0000000082600000, 0x0000000082600000|100%|HS|  |TAMS 0x0000000082600000, 0x0000000082500000| Complete 
|  38|0x0000000082600000, 0x0000000082700000, 0x0000000082700000|100%|HC|  |TAMS 0x0000000082700000, 0x0000000082600000| Complete 
|  39|0x0000000082700000, 0x0000000082800000, 0x0000000082800000|100%|HC|  |TAMS 0x0000000082800000, 0x0000000082700000| Complete 
|  40|0x0000000082800000, 0x0000000082900000, 0x0000000082900000|100%|HC|  |TAMS 0x0000000082900000, 0x0000000082800000| Complete 
|  41|0x0000000082900000, 0x0000000082a00000, 0x0000000082a00000|100%|HS|  |TAMS 0x0000000082a00000, 0x0000000082900000| Complete 
|  42|0x0000000082a00000, 0x0000000082b00000, 0x0000000082b00000|100%|HS|  |TAMS 0x0000000082b00000, 0x0000000082a00000| Complete 
|  43|0x0000000082b00000, 0x0000000082c00000, 0x0000000082c00000|100%|HS|  |TAMS 0x0000000082c00000, 0x0000000082b00000| Complete 
|  44|0x0000000082c00000, 0x0000000082d00000, 0x0000000082d00000|100%|HS|  |TAMS 0x0000000082d00000, 0x0000000082c00000| Complete 
|  45|0x0000000082d00000, 0x0000000082e00000, 0x0000000082e00000|100%|HC|  |TAMS 0x0000000082e00000, 0x0000000082d00000| Complete 
|  46|0x0000000082e00000, 0x0000000082f00000, 0x0000000082f00000|100%| O|  |TAMS 0x0000000082f00000, 0x0000000082e00000| Untracked 
|  47|0x0000000082f00000, 0x0000000083000000, 0x0000000083000000|100%| O|  |TAMS 0x0000000083000000, 0x0000000082f00000| Untracked 
|  48|0x0000000083000000, 0x0000000083100000, 0x0000000083100000|100%| O|  |TAMS 0x0000000083100000, 0x0000000083000000| Untracked 
|  49|0x0000000083100000, 0x0000000083200000, 0x0000000083200000|100%| O|  |TAMS 0x0000000083200000, 0x0000000083100000| Untracked 
|  50|0x0000000083200000, 0x0000000083300000, 0x0000000083300000|100%| O|  |TAMS 0x0000000083300000, 0x0000000083200000| Untracked 
|  51|0x0000000083300000, 0x0000000083400000, 0x0000000083400000|100%| O|  |TAMS 0x0000000083400000, 0x0000000083300000| Untracked 
|  52|0x0000000083400000, 0x0000000083500000, 0x0000000083500000|100%| O|  |TAMS 0x0000000083500000, 0x0000000083400000| Untracked 
|  53|0x0000000083500000, 0x0000000083600000, 0x0000000083600000|100%| O|  |TAMS 0x0000000083600000, 0x0000000083500000| Untracked 
|  54|0x0000000083600000, 0x0000000083700000, 0x0000000083700000|100%| O|  |TAMS 0x0000000083700000, 0x0000000083600000| Untracked 
|  55|0x0000000083700000, 0x0000000083800000, 0x0000000083800000|100%| O|  |TAMS 0x0000000083800000, 0x0000000083700000| Untracked 
|  56|0x0000000083800000, 0x0000000083900000, 0x0000000083900000|100%| O|  |TAMS 0x0000000083900000, 0x0000000083800000| Untracked 
|  57|0x0000000083900000, 0x0000000083a00000, 0x0000000083a00000|100%| O|  |TAMS 0x0000000083a00000, 0x0000000083900000| Untracked 
|  58|0x0000000083a00000, 0x0000000083b00000, 0x0000000083b00000|100%| O|  |TAMS 0x0000000083b00000, 0x0000000083a00000| Untracked 
|  59|0x0000000083b00000, 0x0000000083c00000, 0x0000000083c00000|100%| O|  |TAMS 0x0000000083c00000, 0x0000000083b00000| Untracked 
|  60|0x0000000083c00000, 0x0000000083d00000, 0x0000000083d00000|100%| O|  |TAMS 0x0000000083d00000, 0x0000000083c00000| Untracked 
|  61|0x0000000083d00000, 0x0000000083e00000, 0x0000000083e00000|100%| O|  |TAMS 0x0000000083e00000, 0x0000000083d00000| Untracked 
|  62|0x0000000083e00000, 0x0000000083f00000, 0x0000000083f00000|100%| O|  |TAMS 0x0000000083f00000, 0x0000000083e00000| Untracked 
|  63|0x0000000083f00000, 0x0000000084000000, 0x0000000084000000|100%| O|  |TAMS 0x0000000084000000, 0x0000000083f00000| Untracked 
|  64|0x0000000084000000, 0x0000000084100000, 0x0000000084100000|100%| O|  |TAMS 0x0000000084100000, 0x0000000084000000| Untracked 
|  65|0x0000000084100000, 0x0000000084200000, 0x0000000084200000|100%| O|  |TAMS 0x0000000084200000, 0x0000000084100000| Untracked 
|  66|0x0000000084200000, 0x0000000084300000, 0x0000000084300000|100%| O|  |TAMS 0x0000000084300000, 0x0000000084200000| Untracked 
|  67|0x0000000084300000, 0x0000000084400000, 0x0000000084400000|100%| O|  |TAMS 0x0000000084400000, 0x0000000084300000| Untracked 
|  68|0x0000000084400000, 0x0000000084500000, 0x0000000084500000|100%| O|  |TAMS 0x0000000084500000, 0x0000000084400000| Untracked 
|  69|0x0000000084500000, 0x0000000084600000, 0x0000000084600000|100%| O|  |TAMS 0x000000008453ae00, 0x0000000084500000| Untracked 
|  70|0x0000000084600000, 0x0000000084700000, 0x0000000084700000|100%|HS|  |TAMS 0x0000000084600000, 0x0000000084600000| Complete 
|  71|0x0000000084700000, 0x0000000084800000, 0x0000000084800000|100%|HC|  |TAMS 0x0000000084700000, 0x0000000084700000| Complete 
|  72|0x0000000084800000, 0x0000000084900000, 0x0000000084900000|100%|HS|  |TAMS 0x0000000084800000, 0x0000000084800000| Complete 
|  73|0x0000000084900000, 0x0000000084a00000, 0x0000000084a00000|100%|HC|  |TAMS 0x0000000084900000, 0x0000000084900000| Complete 
|  74|0x0000000084a00000, 0x0000000084b00000, 0x0000000084b00000|100%|HC|  |TAMS 0x0000000084a00000, 0x0000000084a00000| Complete 
|  75|0x0000000084b00000, 0x0000000084c00000, 0x0000000084c00000|100%|HS|  |TAMS 0x0000000084b00000, 0x0000000084b00000| Complete 
|  76|0x0000000084c00000, 0x0000000084d00000, 0x0000000084d00000|100%|HC|  |TAMS 0x0000000084c00000, 0x0000000084c00000| Complete 
|  77|0x0000000084d00000, 0x0000000084e00000, 0x0000000084e00000|100%|HC|  |TAMS 0x0000000084d00000, 0x0000000084d00000| Complete 
|  78|0x0000000084e00000, 0x0000000084f00000, 0x0000000084f00000|100%|HC|  |TAMS 0x0000000084e00000, 0x0000000084e00000| Complete 
|  79|0x0000000084f00000, 0x0000000085000000, 0x0000000085000000|100%| O|  |TAMS 0x0000000084f00000, 0x0000000084f00000| Untracked 
|  80|0x0000000085000000, 0x0000000085100000, 0x0000000085100000|100%| O|  |TAMS 0x0000000085000000, 0x0000000085000000| Untracked 
|  81|0x0000000085100000, 0x0000000085200000, 0x0000000085200000|100%| O|  |TAMS 0x0000000085100000, 0x0000000085100000| Untracked 
|  82|0x0000000085200000, 0x0000000085300000, 0x0000000085300000|100%| O|  |TAMS 0x0000000085200000, 0x0000000085200000| Untracked 
|  83|0x0000000085300000, 0x0000000085400000, 0x0000000085400000|100%| O|  |TAMS 0x0000000085300000, 0x0000000085300000| Untracked 
|  84|0x0000000085400000, 0x0000000085500000, 0x0000000085500000|100%| O|  |TAMS 0x0000000085400000, 0x0000000085400000| Untracked 
|  85|0x0000000085500000, 0x0000000085600000, 0x0000000085600000|100%| O|  |TAMS 0x0000000085500000, 0x0000000085500000| Untracked 
|  86|0x0000000085600000, 0x0000000085700000, 0x0000000085700000|100%| O|  |TAMS 0x0000000085600000, 0x0000000085600000| Untracked 
|  87|0x0000000085700000, 0x0000000085800000, 0x0000000085800000|100%| O|  |TAMS 0x0000000085700000, 0x0000000085700000| Untracked 
|  88|0x0000000085800000, 0x0000000085900000, 0x0000000085900000|100%| O|  |TAMS 0x0000000085800000, 0x0000000085800000| Untracked 
|  89|0x0000000085900000, 0x0000000085a00000, 0x0000000085a00000|100%| O|  |TAMS 0x0000000085900000, 0x0000000085900000| Untracked 
|  90|0x0000000085a00000, 0x0000000085b00000, 0x0000000085b00000|100%| O|  |TAMS 0x0000000085a00000, 0x0000000085a00000| Untracked 
|  91|0x0000000085b00000, 0x0000000085c00000, 0x0000000085c00000|100%| O|  |TAMS 0x0000000085b00000, 0x0000000085b00000| Untracked 
|  92|0x0000000085c00000, 0x0000000085d00000, 0x0000000085d00000|100%| O|  |TAMS 0x0000000085c00000, 0x0000000085c00000| Untracked 
|  93|0x0000000085d00000, 0x0000000085e00000, 0x0000000085e00000|100%| O|  |TAMS 0x0000000085d00000, 0x0000000085d00000| Untracked 
|  94|0x0000000085e00000, 0x0000000085f00000, 0x0000000085f00000|100%| O|  |TAMS 0x0000000085e00000, 0x0000000085e00000| Untracked 
|  95|0x0000000085f00000, 0x0000000086000000, 0x0000000086000000|100%| O|  |TAMS 0x0000000085f00000, 0x0000000085f00000| Untracked 
|  96|0x0000000086000000, 0x0000000086100000, 0x0000000086100000|100%| O|  |TAMS 0x0000000086000000, 0x0000000086000000| Untracked 
|  97|0x0000000086100000, 0x0000000086200000, 0x0000000086200000|100%| O|  |TAMS 0x0000000086100000, 0x0000000086100000| Untracked 
|  98|0x0000000086200000, 0x0000000086300000, 0x0000000086300000|100%| O|  |TAMS 0x0000000086200000, 0x0000000086200000| Untracked 
|  99|0x0000000086300000, 0x0000000086400000, 0x0000000086400000|100%| O|  |TAMS 0x0000000086300000, 0x0000000086300000| Untracked 
| 100|0x0000000086400000, 0x0000000086500000, 0x0000000086500000|100%| O|  |TAMS 0x0000000086400000, 0x0000000086400000| Untracked 
| 101|0x0000000086500000, 0x0000000086600000, 0x0000000086600000|100%| O|  |TAMS 0x0000000086500000, 0x0000000086500000| Untracked 
| 102|0x0000000086600000, 0x0000000086700000, 0x0000000086700000|100%| O|  |TAMS 0x0000000086600000, 0x0000000086600000| Untracked 
| 103|0x0000000086700000, 0x0000000086800000, 0x0000000086800000|100%| O|  |TAMS 0x0000000086700000, 0x0000000086700000| Untracked 
| 104|0x0000000086800000, 0x0000000086900000, 0x0000000086900000|100%| O|  |TAMS 0x0000000086800000, 0x0000000086800000| Untracked 
| 105|0x0000000086900000, 0x0000000086a00000, 0x0000000086a00000|100%| O|  |TAMS 0x0000000086900000, 0x0000000086900000| Untracked 
| 106|0x0000000086a00000, 0x0000000086b00000, 0x0000000086b00000|100%| O|  |TAMS 0x0000000086a00000, 0x0000000086a00000| Untracked 
| 107|0x0000000086b00000, 0x0000000086c00000, 0x0000000086c00000|100%| O|  |TAMS 0x0000000086b00000, 0x0000000086b00000| Untracked 
| 108|0x0000000086c00000, 0x0000000086d00000, 0x0000000086d00000|100%| O|  |TAMS 0x0000000086c00000, 0x0000000086c00000| Untracked 
| 109|0x0000000086d00000, 0x0000000086e00000, 0x0000000086e00000|100%| O|  |TAMS 0x0000000086d00000, 0x0000000086d00000| Untracked 
| 110|0x0000000086e00000, 0x0000000086f00000, 0x0000000086f00000|100%| O|  |TAMS 0x0000000086e00000, 0x0000000086e00000| Untracked 
| 111|0x0000000086f00000, 0x0000000087000000, 0x0000000087000000|100%| O|  |TAMS 0x0000000086f00000, 0x0000000086f00000| Untracked 
| 112|0x0000000087000000, 0x00000000870c6c00, 0x0000000087100000| 77%| O|  |TAMS 0x0000000087000000, 0x0000000087000000| Untracked 
| 113|0x0000000087100000, 0x0000000087100000, 0x0000000087200000|  0%| F|  |TAMS 0x0000000087100000, 0x0000000087100000| Untracked 
| 114|0x0000000087200000, 0x0000000087200000, 0x0000000087300000|  0%| F|  |TAMS 0x0000000087200000, 0x0000000087200000| Untracked 
| 115|0x0000000087300000, 0x0000000087300000, 0x0000000087400000|  0%| F|  |TAMS 0x0000000087300000, 0x0000000087300000| Untracked 
| 116|0x0000000087400000, 0x0000000087400000, 0x0000000087500000|  0%| F|  |TAMS 0x0000000087400000, 0x0000000087400000| Untracked 
| 117|0x0000000087500000, 0x0000000087500000, 0x0000000087600000|  0%| F|  |TAMS 0x0000000087500000, 0x0000000087500000| Untracked 
| 118|0x0000000087600000, 0x0000000087600000, 0x0000000087700000|  0%| F|  |TAMS 0x0000000087600000, 0x0000000087600000| Untracked 
| 119|0x0000000087700000, 0x0000000087700000, 0x0000000087800000|  0%| F|  |TAMS 0x0000000087700000, 0x0000000087700000| Untracked 
| 120|0x0000000087800000, 0x0000000087800000, 0x0000000087900000|  0%| F|  |TAMS 0x0000000087800000, 0x0000000087800000| Untracked 
| 121|0x0000000087900000, 0x0000000087900000, 0x0000000087a00000|  0%| F|  |TAMS 0x0000000087900000, 0x0000000087900000| Untracked 
| 122|0x0000000087a00000, 0x0000000087a00000, 0x0000000087b00000|  0%| F|  |TAMS 0x0000000087a00000, 0x0000000087a00000| Untracked 
| 123|0x0000000087b00000, 0x0000000087b00000, 0x0000000087c00000|  0%| F|  |TAMS 0x0000000087b00000, 0x0000000087b00000| Untracked 
| 124|0x0000000087c00000, 0x0000000087c00000, 0x0000000087d00000|  0%| F|  |TAMS 0x0000000087c00000, 0x0000000087c00000| Untracked 
| 125|0x0000000087d00000, 0x0000000087d00000, 0x0000000087e00000|  0%| F|  |TAMS 0x0000000087d00000, 0x0000000087d00000| Untracked 
| 126|0x0000000087e00000, 0x0000000087e00000, 0x0000000087f00000|  0%| F|  |TAMS 0x0000000087e00000, 0x0000000087e00000| Untracked 
| 127|0x0000000087f00000, 0x0000000087f00000, 0x0000000088000000|  0%| F|  |TAMS 0x0000000087f00000, 0x0000000087f00000| Untracked 
| 128|0x0000000088000000, 0x0000000088000000, 0x0000000088100000|  0%| F|  |TAMS 0x0000000088000000, 0x0000000088000000| Untracked 
| 129|0x0000000088100000, 0x0000000088100000, 0x0000000088200000|  0%| F|  |TAMS 0x0000000088100000, 0x0000000088100000| Untracked 
| 130|0x0000000088200000, 0x0000000088200000, 0x0000000088300000|  0%| F|  |TAMS 0x0000000088200000, 0x0000000088200000| Untracked 
| 131|0x0000000088300000, 0x0000000088300000, 0x0000000088400000|  0%| F|  |TAMS 0x0000000088300000, 0x0000000088300000| Untracked 
| 132|0x0000000088400000, 0x0000000088400000, 0x0000000088500000|  0%| F|  |TAMS 0x0000000088400000, 0x0000000088400000| Untracked 
| 133|0x0000000088500000, 0x0000000088500000, 0x0000000088600000|  0%| F|  |TAMS 0x0000000088500000, 0x0000000088500000| Untracked 
| 134|0x0000000088600000, 0x0000000088600000, 0x0000000088700000|  0%| F|  |TAMS 0x0000000088600000, 0x0000000088600000| Untracked 
| 135|0x0000000088700000, 0x0000000088700000, 0x0000000088800000|  0%| F|  |TAMS 0x0000000088700000, 0x0000000088700000| Untracked 
| 136|0x0000000088800000, 0x0000000088800000, 0x0000000088900000|  0%| F|  |TAMS 0x0000000088800000, 0x0000000088800000| Untracked 
| 137|0x0000000088900000, 0x0000000088900000, 0x0000000088a00000|  0%| F|  |TAMS 0x0000000088900000, 0x0000000088900000| Untracked 
| 138|0x0000000088a00000, 0x0000000088a00000, 0x0000000088b00000|  0%| F|  |TAMS 0x0000000088a00000, 0x0000000088a00000| Untracked 
| 139|0x0000000088b00000, 0x0000000088b00000, 0x0000000088c00000|  0%| F|  |TAMS 0x0000000088b00000, 0x0000000088b00000| Untracked 
| 140|0x0000000088c00000, 0x0000000088c00000, 0x0000000088d00000|  0%| F|  |TAMS 0x0000000088c00000, 0x0000000088c00000| Untracked 
| 141|0x0000000088d00000, 0x0000000088d00000, 0x0000000088e00000|  0%| F|  |TAMS 0x0000000088d00000, 0x0000000088d00000| Untracked 
| 142|0x0000000088e00000, 0x0000000088e00000, 0x0000000088f00000|  0%| F|  |TAMS 0x0000000088e00000, 0x0000000088e00000| Untracked 
| 143|0x0000000088f00000, 0x0000000088f00000, 0x0000000089000000|  0%| F|  |TAMS 0x0000000088f00000, 0x0000000088f00000| Untracked 
| 144|0x0000000089000000, 0x0000000089000000, 0x0000000089100000|  0%| F|  |TAMS 0x0000000089000000, 0x0000000089000000| Untracked 
| 145|0x0000000089100000, 0x0000000089100000, 0x0000000089200000|  0%| F|  |TAMS 0x0000000089100000, 0x0000000089100000| Untracked 
| 146|0x0000000089200000, 0x00000000892310e0, 0x0000000089300000| 19%| S|CS|TAMS 0x0000000089200000, 0x0000000089200000| Complete 
| 147|0x0000000089300000, 0x0000000089400000, 0x0000000089400000|100%| S|CS|TAMS 0x0000000089300000, 0x0000000089300000| Complete 
| 148|0x0000000089400000, 0x0000000089400000, 0x0000000089500000|  0%| F|  |TAMS 0x0000000089400000, 0x0000000089400000| Untracked 
| 149|0x0000000089500000, 0x0000000089500000, 0x0000000089600000|  0%| F|  |TAMS 0x0000000089500000, 0x0000000089500000| Untracked 
| 150|0x0000000089600000, 0x0000000089600000, 0x0000000089700000|  0%| F|  |TAMS 0x0000000089600000, 0x0000000089600000| Untracked 
| 151|0x0000000089700000, 0x0000000089700000, 0x0000000089800000|  0%| F|  |TAMS 0x0000000089700000, 0x0000000089700000| Untracked 
| 152|0x0000000089800000, 0x0000000089800000, 0x0000000089900000|  0%| F|  |TAMS 0x0000000089800000, 0x0000000089800000| Untracked 
| 153|0x0000000089900000, 0x0000000089a00000, 0x0000000089a00000|100%| S|CS|TAMS 0x0000000089900000, 0x0000000089900000| Complete 
| 154|0x0000000089a00000, 0x0000000089b00000, 0x0000000089b00000|100%| S|CS|TAMS 0x0000000089a00000, 0x0000000089a00000| Complete 
| 155|0x0000000089b00000, 0x0000000089c00000, 0x0000000089c00000|100%| S|CS|TAMS 0x0000000089b00000, 0x0000000089b00000| Complete 
| 156|0x0000000089c00000, 0x0000000089c00000, 0x0000000089d00000|  0%| F|  |TAMS 0x0000000089c00000, 0x0000000089c00000| Untracked 
| 157|0x0000000089d00000, 0x0000000089e00000, 0x0000000089e00000|100%| S|CS|TAMS 0x0000000089d00000, 0x0000000089d00000| Complete 
| 158|0x0000000089e00000, 0x0000000089e00000, 0x0000000089f00000|  0%| F|  |TAMS 0x0000000089e00000, 0x0000000089e00000| Untracked 
| 159|0x0000000089f00000, 0x0000000089f00000, 0x000000008a000000|  0%| F|  |TAMS 0x0000000089f00000, 0x0000000089f00000| Untracked 
| 160|0x000000008a000000, 0x000000008a080800, 0x000000008a100000| 50%| E|  |TAMS 0x000000008a000000, 0x000000008a000000| Complete 
| 161|0x000000008a100000, 0x000000008a200000, 0x000000008a200000|100%| E|CS|TAMS 0x000000008a100000, 0x000000008a100000| Complete 
| 162|0x000000008a200000, 0x000000008a300000, 0x000000008a300000|100%| E|CS|TAMS 0x000000008a200000, 0x000000008a200000| Complete 
| 163|0x000000008a300000, 0x000000008a400000, 0x000000008a400000|100%| E|CS|TAMS 0x000000008a300000, 0x000000008a300000| Complete 
| 164|0x000000008a400000, 0x000000008a500000, 0x000000008a500000|100%| E|CS|TAMS 0x000000008a400000, 0x000000008a400000| Complete 
| 165|0x000000008a500000, 0x000000008a600000, 0x000000008a600000|100%| E|CS|TAMS 0x000000008a500000, 0x000000008a500000| Complete 
| 166|0x000000008a600000, 0x000000008a700000, 0x000000008a700000|100%| E|CS|TAMS 0x000000008a600000, 0x000000008a600000| Complete 
| 167|0x000000008a700000, 0x000000008a800000, 0x000000008a800000|100%| E|CS|TAMS 0x000000008a700000, 0x000000008a700000| Complete 
| 168|0x000000008a800000, 0x000000008a900000, 0x000000008a900000|100%| E|CS|TAMS 0x000000008a800000, 0x000000008a800000| Complete 
| 169|0x000000008a900000, 0x000000008aa00000, 0x000000008aa00000|100%| E|CS|TAMS 0x000000008a900000, 0x000000008a900000| Complete 
| 170|0x000000008aa00000, 0x000000008ab00000, 0x000000008ab00000|100%| E|CS|TAMS 0x000000008aa00000, 0x000000008aa00000| Complete 
| 171|0x000000008ab00000, 0x000000008ac00000, 0x000000008ac00000|100%| E|CS|TAMS 0x000000008ab00000, 0x000000008ab00000| Complete 
| 172|0x000000008ac00000, 0x000000008ad00000, 0x000000008ad00000|100%| E|CS|TAMS 0x000000008ac00000, 0x000000008ac00000| Complete 
| 173|0x000000008ad00000, 0x000000008ae00000, 0x000000008ae00000|100%| E|CS|TAMS 0x000000008ad00000, 0x000000008ad00000| Complete 
| 174|0x000000008ae00000, 0x000000008af00000, 0x000000008af00000|100%| E|CS|TAMS 0x000000008ae00000, 0x000000008ae00000| Complete 
| 175|0x000000008af00000, 0x000000008b000000, 0x000000008b000000|100%| E|CS|TAMS 0x000000008af00000, 0x000000008af00000| Complete 
| 176|0x000000008b000000, 0x000000008b100000, 0x000000008b100000|100%| E|CS|TAMS 0x000000008b000000, 0x000000008b000000| Complete 
| 177|0x000000008b100000, 0x000000008b200000, 0x000000008b200000|100%| E|CS|TAMS 0x000000008b100000, 0x000000008b100000| Complete 
| 178|0x000000008b200000, 0x000000008b300000, 0x000000008b300000|100%| E|CS|TAMS 0x000000008b200000, 0x000000008b200000| Complete 
| 179|0x000000008b300000, 0x000000008b400000, 0x000000008b400000|100%| E|CS|TAMS 0x000000008b300000, 0x000000008b300000| Complete 
| 180|0x000000008b400000, 0x000000008b500000, 0x000000008b500000|100%| E|CS|TAMS 0x000000008b400000, 0x000000008b400000| Complete 
| 181|0x000000008b500000, 0x000000008b600000, 0x000000008b600000|100%| E|CS|TAMS 0x000000008b500000, 0x000000008b500000| Complete 
| 182|0x000000008b600000, 0x000000008b700000, 0x000000008b700000|100%| E|CS|TAMS 0x000000008b600000, 0x000000008b600000| Complete 
| 183|0x000000008b700000, 0x000000008b800000, 0x000000008b800000|100%| E|CS|TAMS 0x000000008b700000, 0x000000008b700000| Complete 
| 184|0x000000008b800000, 0x000000008b900000, 0x000000008b900000|100%| E|CS|TAMS 0x000000008b800000, 0x000000008b800000| Complete 
| 185|0x000000008b900000, 0x000000008ba00000, 0x000000008ba00000|100%| E|CS|TAMS 0x000000008b900000, 0x000000008b900000| Complete 
| 186|0x000000008ba00000, 0x000000008bb00000, 0x000000008bb00000|100%| E|CS|TAMS 0x000000008ba00000, 0x000000008ba00000| Complete 
| 187|0x000000008bb00000, 0x000000008bc00000, 0x000000008bc00000|100%| E|CS|TAMS 0x000000008bb00000, 0x000000008bb00000| Complete 
| 188|0x000000008bc00000, 0x000000008bd00000, 0x000000008bd00000|100%| E|CS|TAMS 0x000000008bc00000, 0x000000008bc00000| Complete 
| 189|0x000000008bd00000, 0x000000008be00000, 0x000000008be00000|100%| E|CS|TAMS 0x000000008bd00000, 0x000000008bd00000| Complete 
| 190|0x000000008be00000, 0x000000008bf00000, 0x000000008bf00000|100%| E|CS|TAMS 0x000000008be00000, 0x000000008be00000| Complete 
| 191|0x000000008bf00000, 0x000000008c000000, 0x000000008c000000|100%| E|CS|TAMS 0x000000008bf00000, 0x000000008bf00000| Complete 
| 192|0x000000008c000000, 0x000000008c100000, 0x000000008c100000|100%| E|CS|TAMS 0x000000008c000000, 0x000000008c000000| Complete 
| 193|0x000000008c100000, 0x000000008c200000, 0x000000008c200000|100%| E|CS|TAMS 0x000000008c100000, 0x000000008c100000| Complete 
| 194|0x000000008c200000, 0x000000008c300000, 0x000000008c300000|100%| E|CS|TAMS 0x000000008c200000, 0x000000008c200000| Complete 
| 195|0x000000008c300000, 0x000000008c400000, 0x000000008c400000|100%| E|CS|TAMS 0x000000008c300000, 0x000000008c300000| Complete 
| 196|0x000000008c400000, 0x000000008c500000, 0x000000008c500000|100%| E|CS|TAMS 0x000000008c400000, 0x000000008c400000| Complete 
| 197|0x000000008c500000, 0x000000008c600000, 0x000000008c600000|100%| E|CS|TAMS 0x000000008c500000, 0x000000008c500000| Complete 
| 198|0x000000008c600000, 0x000000008c700000, 0x000000008c700000|100%| E|CS|TAMS 0x000000008c600000, 0x000000008c600000| Complete 
| 199|0x000000008c700000, 0x000000008c800000, 0x000000008c800000|100%| E|CS|TAMS 0x000000008c700000, 0x000000008c700000| Complete 
| 200|0x000000008c800000, 0x000000008c900000, 0x000000008c900000|100%| E|CS|TAMS 0x000000008c800000, 0x000000008c800000| Complete 
| 201|0x000000008c900000, 0x000000008ca00000, 0x000000008ca00000|100%| E|CS|TAMS 0x000000008c900000, 0x000000008c900000| Complete 
| 202|0x000000008ca00000, 0x000000008cb00000, 0x000000008cb00000|100%| E|CS|TAMS 0x000000008ca00000, 0x000000008ca00000| Complete 
| 203|0x000000008cb00000, 0x000000008cc00000, 0x000000008cc00000|100%| E|CS|TAMS 0x000000008cb00000, 0x000000008cb00000| Complete 
| 204|0x000000008cc00000, 0x000000008cd00000, 0x000000008cd00000|100%| E|CS|TAMS 0x000000008cc00000, 0x000000008cc00000| Complete 
| 205|0x000000008cd00000, 0x000000008ce00000, 0x000000008ce00000|100%| E|CS|TAMS 0x000000008cd00000, 0x000000008cd00000| Complete 
| 206|0x000000008ce00000, 0x000000008cf00000, 0x000000008cf00000|100%| E|CS|TAMS 0x000000008ce00000, 0x000000008ce00000| Complete 
| 207|0x000000008cf00000, 0x000000008d000000, 0x000000008d000000|100%| E|CS|TAMS 0x000000008cf00000, 0x000000008cf00000| Complete 
| 208|0x000000008d000000, 0x000000008d100000, 0x000000008d100000|100%| E|CS|TAMS 0x000000008d000000, 0x000000008d000000| Complete 
| 209|0x000000008d100000, 0x000000008d200000, 0x000000008d200000|100%| E|CS|TAMS 0x000000008d100000, 0x000000008d100000| Complete 
| 210|0x000000008d200000, 0x000000008d300000, 0x000000008d300000|100%| E|CS|TAMS 0x000000008d200000, 0x000000008d200000| Complete 
| 211|0x000000008d300000, 0x000000008d400000, 0x000000008d400000|100%| E|CS|TAMS 0x000000008d300000, 0x000000008d300000| Complete 
| 212|0x000000008d400000, 0x000000008d500000, 0x000000008d500000|100%| E|CS|TAMS 0x000000008d400000, 0x000000008d400000| Complete 
| 213|0x000000008d500000, 0x000000008d600000, 0x000000008d600000|100%| E|CS|TAMS 0x000000008d500000, 0x000000008d500000| Complete 
| 214|0x000000008d600000, 0x000000008d700000, 0x000000008d700000|100%| E|CS|TAMS 0x000000008d600000, 0x000000008d600000| Complete 
| 215|0x000000008d700000, 0x000000008d800000, 0x000000008d800000|100%| E|CS|TAMS 0x000000008d700000, 0x000000008d700000| Complete 
| 216|0x000000008d800000, 0x000000008d900000, 0x000000008d900000|100%| E|CS|TAMS 0x000000008d800000, 0x000000008d800000| Complete 
| 217|0x000000008d900000, 0x000000008da00000, 0x000000008da00000|100%| E|CS|TAMS 0x000000008d900000, 0x000000008d900000| Complete 
| 218|0x000000008da00000, 0x000000008db00000, 0x000000008db00000|100%| E|CS|TAMS 0x000000008da00000, 0x000000008da00000| Complete 
| 219|0x000000008db00000, 0x000000008dc00000, 0x000000008dc00000|100%| E|CS|TAMS 0x000000008db00000, 0x000000008db00000| Complete 
| 220|0x000000008dc00000, 0x000000008dd00000, 0x000000008dd00000|100%| E|CS|TAMS 0x000000008dc00000, 0x000000008dc00000| Complete 
| 221|0x000000008dd00000, 0x000000008de00000, 0x000000008de00000|100%| E|CS|TAMS 0x000000008dd00000, 0x000000008dd00000| Complete 
| 222|0x000000008de00000, 0x000000008df00000, 0x000000008df00000|100%| E|CS|TAMS 0x000000008de00000, 0x000000008de00000| Complete 
| 223|0x000000008df00000, 0x000000008e000000, 0x000000008e000000|100%| E|CS|TAMS 0x000000008df00000, 0x000000008df00000| Complete 
| 224|0x000000008e000000, 0x000000008e100000, 0x000000008e100000|100%| E|CS|TAMS 0x000000008e000000, 0x000000008e000000| Complete 
| 225|0x000000008e100000, 0x000000008e200000, 0x000000008e200000|100%| E|CS|TAMS 0x000000008e100000, 0x000000008e100000| Complete 
| 226|0x000000008e200000, 0x000000008e300000, 0x000000008e300000|100%| E|CS|TAMS 0x000000008e200000, 0x000000008e200000| Complete 
| 227|0x000000008e300000, 0x000000008e400000, 0x000000008e400000|100%| E|CS|TAMS 0x000000008e300000, 0x000000008e300000| Complete 
| 228|0x000000008e400000, 0x000000008e500000, 0x000000008e500000|100%| E|CS|TAMS 0x000000008e400000, 0x000000008e400000| Complete 
| 229|0x000000008e500000, 0x000000008e600000, 0x000000008e600000|100%| E|CS|TAMS 0x000000008e500000, 0x000000008e500000| Complete 
| 230|0x000000008e600000, 0x000000008e700000, 0x000000008e700000|100%| E|CS|TAMS 0x000000008e600000, 0x000000008e600000| Complete 
| 231|0x000000008e700000, 0x000000008e800000, 0x000000008e800000|100%| E|CS|TAMS 0x000000008e700000, 0x000000008e700000| Complete 
| 232|0x000000008e800000, 0x000000008e900000, 0x000000008e900000|100%| E|CS|TAMS 0x000000008e800000, 0x000000008e800000| Complete 
| 233|0x000000008e900000, 0x000000008ea00000, 0x000000008ea00000|100%| E|CS|TAMS 0x000000008e900000, 0x000000008e900000| Complete 
| 234|0x000000008ea00000, 0x000000008eb00000, 0x000000008eb00000|100%| E|CS|TAMS 0x000000008ea00000, 0x000000008ea00000| Complete 
| 235|0x000000008eb00000, 0x000000008ec00000, 0x000000008ec00000|100%| E|CS|TAMS 0x000000008eb00000, 0x000000008eb00000| Complete 
| 236|0x000000008ec00000, 0x000000008ed00000, 0x000000008ed00000|100%| E|CS|TAMS 0x000000008ec00000, 0x000000008ec00000| Complete 
| 237|0x000000008ed00000, 0x000000008ee00000, 0x000000008ee00000|100%| E|CS|TAMS 0x000000008ed00000, 0x000000008ed00000| Complete 
| 238|0x000000008ee00000, 0x000000008ef00000, 0x000000008ef00000|100%| E|CS|TAMS 0x000000008ee00000, 0x000000008ee00000| Complete 
| 239|0x000000008ef00000, 0x000000008f000000, 0x000000008f000000|100%| E|CS|TAMS 0x000000008ef00000, 0x000000008ef00000| Complete 
| 240|0x000000008f000000, 0x000000008f100000, 0x000000008f100000|100%| E|CS|TAMS 0x000000008f000000, 0x000000008f000000| Complete 
| 241|0x000000008f100000, 0x000000008f200000, 0x000000008f200000|100%| E|CS|TAMS 0x000000008f100000, 0x000000008f100000| Complete 
| 242|0x000000008f200000, 0x000000008f300000, 0x000000008f300000|100%| E|CS|TAMS 0x000000008f200000, 0x000000008f200000| Complete 
| 243|0x000000008f300000, 0x000000008f400000, 0x000000008f400000|100%| E|CS|TAMS 0x000000008f300000, 0x000000008f300000| Complete 
| 244|0x000000008f400000, 0x000000008f500000, 0x000000008f500000|100%| E|CS|TAMS 0x000000008f400000, 0x000000008f400000| Complete 
| 245|0x000000008f500000, 0x000000008f600000, 0x000000008f600000|100%| E|CS|TAMS 0x000000008f500000, 0x000000008f500000| Complete 
| 246|0x000000008f600000, 0x000000008f700000, 0x000000008f700000|100%| E|CS|TAMS 0x000000008f600000, 0x000000008f600000| Complete 
| 247|0x000000008f700000, 0x000000008f800000, 0x000000008f800000|100%| E|CS|TAMS 0x000000008f700000, 0x000000008f700000| Complete 
| 248|0x000000008f800000, 0x000000008f900000, 0x000000008f900000|100%| E|CS|TAMS 0x000000008f800000, 0x000000008f800000| Complete 
| 249|0x000000008f900000, 0x000000008fa00000, 0x000000008fa00000|100%| E|CS|TAMS 0x000000008f900000, 0x000000008f900000| Complete 
| 250|0x000000008fa00000, 0x000000008fb00000, 0x000000008fb00000|100%| E|CS|TAMS 0x000000008fa00000, 0x000000008fa00000| Complete 
| 251|0x000000008fb00000, 0x000000008fc00000, 0x000000008fc00000|100%| E|CS|TAMS 0x000000008fb00000, 0x000000008fb00000| Complete 
| 252|0x000000008fc00000, 0x000000008fd00000, 0x000000008fd00000|100%| E|CS|TAMS 0x000000008fc00000, 0x000000008fc00000| Complete 
| 253|0x000000008fd00000, 0x000000008fe00000, 0x000000008fe00000|100%| E|CS|TAMS 0x000000008fd00000, 0x000000008fd00000| Complete 
| 254|0x000000008fe00000, 0x000000008ff00000, 0x000000008ff00000|100%| E|CS|TAMS 0x000000008fe00000, 0x000000008fe00000| Complete 
| 255|0x000000008ff00000, 0x0000000090000000, 0x0000000090000000|100%| E|CS|TAMS 0x000000008ff00000, 0x000000008ff00000| Complete 

Card table byte_map: [0x00000225ae850000,0x00000225aec50000] _byte_map_base: 0x00000225ae450000

Marking Bits (Prev, Next): (CMBitMap*) 0x000002259acddcc8, (CMBitMap*) 0x000002259acddd00
 Prev Bits: [0x00000225af050000, 0x00000225b1050000)
 Next Bits: [0x00000225b1050000, 0x00000225b3050000)

Polling page: 0x0000022599430000

Metaspace:

Usage:
  Non-class:     96.25 MB capacity,    94.16 MB ( 98%) used,     1.73 MB (  2%) free+waste,   373.06 KB ( <1%) overhead. 
      Class:     15.13 MB capacity,    13.90 MB ( 92%) used,     1.07 MB (  7%) free+waste,   175.44 KB (  1%) overhead. 
       Both:    111.38 MB capacity,   108.05 MB ( 97%) used,     2.80 MB (  3%) free+waste,   548.50 KB ( <1%) overhead. 

Virtual space:
  Non-class space:       98.00 MB reserved,      96.45 MB ( 98%) committed 
      Class space:        1.00 GB reserved,      15.21 MB (  1%) committed 
             Both:        1.10 GB reserved,     111.66 MB ( 10%) committed 

Chunk freelists:
   Non-Class:  3.00 KB
       Class:  0 bytes
        Both:  3.00 KB

MaxMetaspaceSize: 17179869184.00 GB
CompressedClassSpaceSize: 1.00 GB

CodeHeap 'non-profiled nmethods': size=120000Kb used=9185Kb max_used=9185Kb free=110815Kb
 bounds [0x00000225a6270000, 0x00000225a6b70000, 0x00000225ad7a0000]
CodeHeap 'profiled nmethods': size=120000Kb used=32844Kb max_used=32844Kb free=87155Kb
 bounds [0x000002259ed40000, 0x00000225a0d60000, 0x00000225a6270000]
CodeHeap 'non-nmethods': size=5760Kb used=2348Kb max_used=2398Kb free=3411Kb
 bounds [0x000002259e7a0000, 0x000002259ea10000, 0x000002259ed40000]
 total_blobs=15645 nmethods=14677 adapters=877
 compilation: enabled
              stopped_count=0, restarted_count=0
 full_count=0

Compilation events (20 events):
Event: 89.025 Thread 0x00000225b6658000 14784       3       java.util.BitSet::nextSetBit (102 bytes)
Event: 89.026 Thread 0x00000225b6658000 nmethod 14784 0x00000225a0d4e090 code [0x00000225a0d4e340, 0x00000225a0d4ee78]
Event: 89.029 Thread 0x00000225b6658000 14785       1       org.gradle.StartParameter::isOffline (5 bytes)
Event: 89.029 Thread 0x00000225b6658000 nmethod 14785 0x00000225a6b67c10 code [0x00000225a6b67dc0, 0x00000225a6b67e78]
Event: 89.036 Thread 0x00000225b6658000 14786       3       org.gradle.api.internal.artifacts.ivyservice.modulecache.artifacts.DefaultModuleArtifactsCache$ModuleArtifactsCacheEntrySerializer::read (6 bytes)
Event: 89.036 Thread 0x00000225b6658000 nmethod 14786 0x00000225a0d4f310 code [0x00000225a0d4f4c0, 0x00000225a0d4f608]
Event: 89.036 Thread 0x00000225b6658000 14787       3       org.gradle.api.internal.artifacts.ivyservice.modulecache.artifacts.DefaultModuleArtifactsCache$ModuleArtifactsCacheEntrySerializer::read (50 bytes)
Event: 89.036 Thread 0x00000225b6658000 nmethod 14787 0x00000225a0d4f690 code [0x00000225a0d4f940, 0x00000225a0d505c8]
Event: 89.050 Thread 0x00000225b6658000 14789   !   3       org.gradle.internal.IoActions::closeQuietly (15 bytes)
Event: 89.050 Thread 0x00000225b6658000 nmethod 14789 0x00000225a0d50a10 code [0x00000225a0d50be0, 0x00000225a0d50de8]
Event: 89.050 Thread 0x00000225b6658000 14790       3       java.lang.invoke.BoundMethodHandle$SpeciesData::extendWith (62 bytes)
Event: 89.051 Thread 0x00000225b6658000 nmethod 14790 0x00000225a0d50f10 code [0x00000225a0d511a0, 0x00000225a0d51df8]
Event: 89.051 Thread 0x00000225b6658000 14791       3       java.lang.invoke.LambdaFormEditor$Transform::packedBytes (39 bytes)
Event: 89.051 Thread 0x00000225b6658000 nmethod 14791 0x00000225a0d52210 code [0x00000225a0d523c0, 0x00000225a0d524b8]
Event: 89.051 Thread 0x00000225b6658000 14793       3       org.gradle.internal.typeconversion.TypedNotationConverter::<init> (30 bytes)
Event: 89.051 Thread 0x00000225b6658000 nmethod 14793 0x00000225a0d52590 code [0x00000225a0d52740, 0x00000225a0d528f8]
Event: 89.051 Thread 0x00000225b6658000 14792       3       org.gradle.internal.event.DefaultListenerManager$EventBroadcast::getDispatch (16 bytes)
Event: 89.051 Thread 0x00000225b6658000 nmethod 14792 0x00000225a0d52990 code [0x00000225a0d52b40, 0x00000225a0d52c98]
Event: 89.057 Thread 0x00000225b6658000 14794       3       org.gradle.api.internal.artifacts.ivyservice.resolveengine.graph.selectors.SelectorStateResolver::resolveSingleSelector (62 bytes)
Event: 89.057 Thread 0x00000225b6658000 nmethod 14794 0x00000225a0d52d10 code [0x00000225a0d52f00, 0x00000225a0d533b8]

GC Heap History (20 events):
Event: 7.510 GC heap before
{Heap before GC invocations=9 (full 0):
 garbage-first heap   total 262144K, used 201742K [0x0000000080000000, 0x0000000100000000)
  region size 1024K, 153 young (156672K), 13 survivors (13312K)
 Metaspace       used 56150K, capacity 57943K, committed 58112K, reserved 1099776K
  class space    used 7223K, capacity 7831K, committed 7936K, reserved 1048576K
}
Event: 7.520 GC heap after
{Heap after GC invocations=10 (full 0):
 garbage-first heap   total 262144K, used 70618K [0x0000000080000000, 0x0000000100000000)
  region size 1024K, 18 young (18432K), 18 survivors (18432K)
 Metaspace       used 56150K, capacity 57943K, committed 58112K, reserved 1099776K
  class space    used 7223K, capacity 7831K, committed 7936K, reserved 1048576K
}
Event: 9.026 GC heap before
{Heap before GC invocations=10 (full 0):
 garbage-first heap   total 262144K, used 202714K [0x0000000080000000, 0x0000000100000000)
  region size 1024K, 147 young (150528K), 18 survivors (18432K)
 Metaspace       used 71807K, capacity 73867K, committed 73984K, reserved 1114112K
  class space    used 9181K, capacity 9884K, committed 9984K, reserved 1048576K
}
Event: 9.039 GC heap after
{Heap after GC invocations=11 (full 0):
 garbage-first heap   total 262144K, used 78321K [0x0000000080000000, 0x0000000100000000)
  region size 1024K, 9 young (9216K), 9 survivors (9216K)
 Metaspace       used 71807K, capacity 73867K, committed 73984K, reserved 1114112K
  class space    used 9181K, capacity 9884K, committed 9984K, reserved 1048576K
}
Event: 9.545 GC heap before
{Heap before GC invocations=11 (full 0):
 garbage-first heap   total 262144K, used 146929K [0x0000000080000000, 0x0000000100000000)
  region size 1024K, 77 young (78848K), 9 survivors (9216K)
 Metaspace       used 75530K, capacity 77574K, committed 77656K, reserved 1116160K
  class space    used 9807K, capacity 10542K, committed 10584K, reserved 1048576K
}
Event: 9.557 GC heap after
{Heap after GC invocations=12 (full 0):
 garbage-first heap   total 262144K, used 82328K [0x0000000080000000, 0x0000000100000000)
  region size 1024K, 13 young (13312K), 13 survivors (13312K)
 Metaspace       used 75530K, capacity 77574K, committed 77656K, reserved 1116160K
  class space    used 9807K, capacity 10542K, committed 10584K, reserved 1048576K
}
Event: 11.092 GC heap before
{Heap before GC invocations=13 (full 0):
 garbage-first heap   total 262144K, used 217496K [0x0000000080000000, 0x0000000100000000)
  region size 1024K, 136 young (139264K), 13 survivors (13312K)
 Metaspace       used 85596K, capacity 87730K, committed 87844K, reserved 1126400K
  class space    used 11065K, capacity 11839K, committed 11864K, reserved 1048576K
}
Event: 11.102 GC heap after
{Heap after GC invocations=14 (full 0):
 garbage-first heap   total 262144K, used 102576K [0x0000000080000000, 0x0000000100000000)
  region size 1024K, 16 young (16384K), 16 survivors (16384K)
 Metaspace       used 85596K, capacity 87730K, committed 87844K, reserved 1126400K
  class space    used 11065K, capacity 11839K, committed 11864K, reserved 1048576K
}
Event: 12.260 GC heap before
{Heap before GC invocations=14 (full 0):
 garbage-first heap   total 262144K, used 209072K [0x0000000080000000, 0x0000000100000000)
  region size 1024K, 121 young (123904K), 16 survivors (16384K)
 Metaspace       used 95524K, capacity 98354K, committed 98596K, reserved 1134592K
  class space    used 12494K, capacity 13534K, committed 13656K, reserved 1048576K
}
Event: 12.271 GC heap after
{Heap after GC invocations=15 (full 0):
 garbage-first heap   total 262144K, used 109948K [0x0000000080000000, 0x0000000100000000)
  region size 1024K, 8 young (8192K), 8 survivors (8192K)
 Metaspace       used 95524K, capacity 98354K, committed 98596K, reserved 1134592K
  class space    used 12494K, capacity 13534K, committed 13656K, reserved 1048576K
}
Event: 14.383 GC heap before
{Heap before GC invocations=15 (full 0):
 garbage-first heap   total 262144K, used 211324K [0x0000000080000000, 0x0000000100000000)
  region size 1024K, 108 young (110592K), 8 survivors (8192K)
 Metaspace       used 103390K, capacity 106373K, committed 106404K, reserved 1140736K
  class space    used 13441K, capacity 14531K, committed 14552K, reserved 1048576K
}
Event: 14.393 GC heap after
{Heap after GC invocations=16 (full 0):
 garbage-first heap   total 262144K, used 115927K [0x0000000080000000, 0x0000000100000000)
  region size 1024K, 14 young (14336K), 14 survivors (14336K)
 Metaspace       used 103390K, capacity 106373K, committed 106404K, reserved 1140736K
  class space    used 13441K, capacity 14531K, committed 14552K, reserved 1048576K
}
Event: 17.106 GC heap before
{Heap before GC invocations=16 (full 0):
 garbage-first heap   total 262144K, used 212183K [0x0000000080000000, 0x0000000100000000)
  region size 1024K, 109 young (111616K), 14 survivors (14336K)
 Metaspace       used 104727K, capacity 107814K, committed 108068K, reserved 1142784K
  class space    used 13499K, capacity 14613K, committed 14680K, reserved 1048576K
}
Event: 17.113 GC heap after
{Heap after GC invocations=17 (full 0):
 garbage-first heap   total 262144K, used 119063K [0x0000000080000000, 0x0000000100000000)
  region size 1024K, 11 young (11264K), 11 survivors (11264K)
 Metaspace       used 104727K, capacity 107814K, committed 108068K, reserved 1142784K
  class space    used 13499K, capacity 14613K, committed 14680K, reserved 1048576K
}
Event: 22.514 GC heap before
{Heap before GC invocations=17 (full 0):
 garbage-first heap   total 262144K, used 214295K [0x0000000080000000, 0x0000000100000000)
  region size 1024K, 105 young (107520K), 11 survivors (11264K)
 Metaspace       used 104943K, capacity 108017K, committed 108324K, reserved 1142784K
  class space    used 13503K, capacity 14613K, committed 14680K, reserved 1048576K
}
Event: 22.519 GC heap after
{Heap after GC invocations=18 (full 0):
 garbage-first heap   total 262144K, used 119579K [0x0000000080000000, 0x0000000100000000)
  region size 1024K, 4 young (4096K), 4 survivors (4096K)
 Metaspace       used 104943K, capacity 108017K, committed 108324K, reserved 1142784K
  class space    used 13503K, capacity 14613K, committed 14680K, reserved 1048576K
}
Event: 29.060 GC heap before
{Heap before GC invocations=18 (full 0):
 garbage-first heap   total 262144K, used 218907K [0x0000000080000000, 0x0000000100000000)
  region size 1024K, 102 young (104448K), 4 survivors (4096K)
 Metaspace       used 108986K, capacity 112169K, committed 112292K, reserved 1146880K
  class space    used 14071K, capacity 15278K, committed 15320K, reserved 1048576K
}
Event: 29.065 GC heap after
{Heap after GC invocations=19 (full 0):
 garbage-first heap   total 262144K, used 120805K [0x0000000080000000, 0x0000000100000000)
  region size 1024K, 6 young (6144K), 6 survivors (6144K)
 Metaspace       used 108986K, capacity 112169K, committed 112292K, reserved 1146880K
  class space    used 14071K, capacity 15278K, committed 15320K, reserved 1048576K
}
Event: 41.833 GC heap before
{Heap before GC invocations=19 (full 0):
 garbage-first heap   total 262144K, used 221157K [0x0000000080000000, 0x0000000100000000)
  region size 1024K, 104 young (106496K), 6 survivors (6144K)
 Metaspace       used 109491K, capacity 112688K, committed 112932K, reserved 1146880K
  class space    used 14085K, capacity 15316K, committed 15448K, reserved 1048576K
}
Event: 41.836 GC heap after
{Heap after GC invocations=20 (full 0):
 garbage-first heap   total 262144K, used 120799K [0x0000000080000000, 0x0000000100000000)
  region size 1024K, 6 young (6144K), 6 survivors (6144K)
 Metaspace       used 109491K, capacity 112688K, committed 112932K, reserved 1146880K
  class space    used 14085K, capacity 15316K, committed 15448K, reserved 1048576K
}

Deoptimization events (20 events):
Event: 88.997 Thread 0x00000225bc54c800 Uncommon trap: trap_request=0xffffffde fr.pc=0x00000225a6a806bc relative=0x00000000000011dc
Event: 88.997 Thread 0x00000225bc54c800 Uncommon trap: reason=class_check action=maybe_recompile pc=0x00000225a6a806bc method=org.gradle.launcher.daemon.server.SynchronizedDispatchConnection.dispatchAndFlush(Ljava/lang/Object;)V @ 1 c2
Event: 88.997 Thread 0x00000225bc54c800 DEOPT PACKING pc=0x00000225a6a806bc sp=0x000000a7c67ff060
Event: 88.997 Thread 0x00000225bc54c800 DEOPT UNPACKING pc=0x000002259e7c662f sp=0x000000a7c67ff070 mode 2
Event: 88.998 Thread 0x00000225bc54c800 Uncommon trap: trap_request=0xffffff7e fr.pc=0x00000225a6b5e9e0 relative=0x0000000000000ec0
Event: 88.998 Thread 0x00000225bc54c800 Uncommon trap: reason=predicate action=maybe_recompile pc=0x00000225a6b5e9e0 method=java.util.ComparableTimSort.binarySort([Ljava/lang/Object;III)V @ 34 c2
Event: 88.998 Thread 0x00000225bc54c800 DEOPT PACKING pc=0x00000225a6b5e9e0 sp=0x000000a7c67fc840
Event: 88.998 Thread 0x00000225bc54c800 DEOPT UNPACKING pc=0x000002259e7c662f sp=0x000000a7c67fc838 mode 2
Event: 89.005 Thread 0x00000225b9827800 Uncommon trap: trap_request=0xffffffbe fr.pc=0x00000225a69a6038 relative=0x0000000000000118
Event: 89.005 Thread 0x00000225b9827800 Uncommon trap: reason=profile_predicate action=maybe_recompile pc=0x00000225a69a6038 method=java.math.BigInteger.longValue()J @ 5 c2
Event: 89.005 Thread 0x00000225b9827800 DEOPT PACKING pc=0x00000225a69a6038 sp=0x000000a7c68fa2c0
Event: 89.005 Thread 0x00000225b9827800 DEOPT UNPACKING pc=0x000002259e7c662f sp=0x000000a7c68fa268 mode 2
Event: 89.044 Thread 0x00000225b9827800 Uncommon trap: trap_request=0xffffffde fr.pc=0x00000225a69ea094 relative=0x0000000000000454
Event: 89.044 Thread 0x00000225b9827800 Uncommon trap: reason=class_check action=maybe_recompile pc=0x00000225a69ea094 method=org.gradle.cache.internal.LockOnDemandCrossProcessCacheAccess.incrementLockCount()V @ 97 c2
Event: 89.044 Thread 0x00000225b9827800 DEOPT PACKING pc=0x00000225a69ea094 sp=0x000000a7c68f7260
Event: 89.044 Thread 0x00000225b9827800 DEOPT UNPACKING pc=0x000002259e7c662f sp=0x000000a7c68f7210 mode 2
Event: 89.056 Thread 0x00000225b9827800 Uncommon trap: trap_request=0xffffffc6 fr.pc=0x00000225a697b9e0 relative=0x0000000000000380
Event: 89.056 Thread 0x00000225b9827800 Uncommon trap: reason=bimorphic_or_optimized_type_check action=maybe_recompile pc=0x00000225a697b9e0 method=com.google.common.collect.NaturalOrdering.compare(Ljava/lang/Comparable;Ljava/lang/Comparable;)I @ 12 c2
Event: 89.056 Thread 0x00000225b9827800 DEOPT PACKING pc=0x00000225a697b9e0 sp=0x000000a7c68f85f0
Event: 89.056 Thread 0x00000225b9827800 DEOPT UNPACKING pc=0x000002259e7c662f sp=0x000000a7c68f8528 mode 2

Classes redefined (0 events):
No events

Internal exceptions (20 events):
Event: 28.877 Thread 0x00000225b9827800 Exception <a 'java/lang/NoSuchMethodError'{0x000000008ada2288}: 'java.lang.Object java.lang.invoke.DirectMethodHandle$Holder.invokeStatic(java.lang.Object, int, java.lang.Object, java.lang.Object)'> (0x000000008ada2288) thrown at [./src/hotspot/share/interpreter/linkResolver.cpp, line 773]
Event: 31.314 Thread 0x00000225b9827800 Implicit null exception at 0x00000225a6b1dd05 to 0x00000225a6b1e8cc
Event: 31.315 Thread 0x00000225b9827800 Implicit null exception at 0x00000225a6b1dd05 to 0x00000225a6b1e8cc
Event: 31.315 Thread 0x00000225b9827800 Implicit null exception at 0x00000225a6b1dd05 to 0x00000225a6b1e8cc
Event: 38.264 Thread 0x00000225b9827800 Exception <a 'java/net/SocketTimeoutException'{0x000000008c4fbf60}: Read timed out> (0x000000008c4fbf60) thrown at [./src/hotspot/share/prims/jni.cpp, line 636]
Event: 50.019 Thread 0x00000225b9827800 Exception <a 'java/lang/NoSuchMethodError'{0x000000008b392ad8}: <clinit>> (0x000000008b392ad8) thrown at [./src/hotspot/share/prims/jni.cpp, line 1362]
Event: 50.038 Thread 0x00000225b9827800 Exception <a 'java/lang/NoSuchMethodError'{0x000000008b16e0d8}: <clinit>> (0x000000008b16e0d8) thrown at [./src/hotspot/share/prims/jni.cpp, line 1362]
Event: 50.087 Thread 0x00000225b89d8000 Exception <a 'java/lang/NoSuchMethodError'{0x000000008adb2678}: <clinit>> (0x000000008adb2678) thrown at [./src/hotspot/share/prims/jni.cpp, line 1362]
Event: 50.088 Thread 0x00000225b89d8000 Exception <a 'java/lang/NoSuchMethodError'{0x000000008adc4820}: <clinit>> (0x000000008adc4820) thrown at [./src/hotspot/share/prims/jni.cpp, line 1362]
Event: 50.089 Thread 0x00000225b89d8000 Exception <a 'java/lang/NoSuchMethodError'{0x000000008added78}: <clinit>> (0x000000008added78) thrown at [./src/hotspot/share/prims/jni.cpp, line 1362]
Event: 50.092 Thread 0x00000225b89d8000 Exception <a 'java/lang/NoSuchMethodError'{0x000000008adfc0c0}: <clinit>> (0x000000008adfc0c0) thrown at [./src/hotspot/share/prims/jni.cpp, line 1362]
Event: 50.092 Thread 0x00000225b89d8000 Exception <a 'java/lang/NoSuchMethodError'{0x000000008ac0c800}: <clinit>> (0x000000008ac0c800) thrown at [./src/hotspot/share/prims/jni.cpp, line 1362]
Event: 50.098 Thread 0x00000225b9827800 Exception <a 'java/lang/NoSuchMethodError'{0x000000008ac2b790}: 'int java.lang.invoke.DirectMethodHandle$Holder.invokeVirtual(java.lang.Object, java.lang.Object, java.lang.Object)'> (0x000000008ac2b790) thrown at [./src/hotspot/share/interpreter/linkResolver.cpp, line 773]
Event: 50.101 Thread 0x00000225b9827800 Exception <a 'java/lang/IncompatibleClassChangeError'{0x000000008ac34bd0}: Found class java.lang.Object, but interface was expected> (0x000000008ac34bd0) thrown at [./src/hotspot/share/interpreter/linkResolver.cpp, line 839]
Event: 51.630 Thread 0x00000225b860a000 Implicit null exception at 0x00000225a62a29f4 to 0x00000225a62a2f08
Event: 88.998 Thread 0x00000225bc54c800 Exception <a 'java/lang/NoSuchMethodError'{0x000000008a204568}: <clinit>> (0x000000008a204568) thrown at [./src/hotspot/share/prims/jni.cpp, line 1362]
Event: 88.998 Thread 0x00000225bc54c800 Exception <a 'java/lang/NoSuchMethodError'{0x000000008a205b40}: <clinit>> (0x000000008a205b40) thrown at [./src/hotspot/share/prims/jni.cpp, line 1362]
Event: 88.999 Thread 0x00000225bc54c800 Exception <a 'java/lang/NoSuchMethodError'{0x000000008a214af8}: <clinit>> (0x000000008a214af8) thrown at [./src/hotspot/share/prims/jni.cpp, line 1362]
Event: 88.999 Thread 0x00000225bc54c800 Exception <a 'java/lang/NoSuchMethodError'{0x000000008a216948}: <clinit>> (0x000000008a216948) thrown at [./src/hotspot/share/prims/jni.cpp, line 1362]
Event: 89.000 Thread 0x00000225bc54c800 Exception <a 'java/lang/NoSuchMethodError'{0x000000008a21e170}: <clinit>> (0x000000008a21e170) thrown at [./src/hotspot/share/prims/jni.cpp, line 1362]

Events (20 events):
Event: 89.000 loading class org/gradle/tooling/internal/protocol/events/InternalPluginIdentifier done
Event: 89.000 loading class org/gradle/tooling/internal/provider/runner/PluginApplicationTracker$PluginApplication
Event: 89.000 loading class org/gradle/tooling/internal/provider/runner/PluginApplicationTracker$PluginApplication done
Event: 89.000 loading class org/gradle/tooling/internal/protocol/events/InternalPluginIdentifier
Event: 89.000 loading class org/gradle/tooling/internal/protocol/events/InternalPluginIdentifier done
Event: 89.000 loading class org/gradle/internal/operations/OperationIdentifier
Event: 89.000 loading class org/gradle/internal/operations/OperationIdentifier done
Event: 89.000 loading class org/gradle/tooling/internal/provider/runner/PluginApplicationTracker
Event: 89.000 loading class org/gradle/tooling/internal/provider/runner/PluginApplicationTracker done
Event: 89.000 loading class org/gradle/tooling/internal/protocol/events/InternalPluginIdentifier
Event: 89.000 loading class org/gradle/tooling/internal/protocol/events/InternalPluginIdentifier done
Event: 89.001 loading class org/gradle/tooling/internal/provider/runner/ClientForwardingProjectConfigurationOperationListener$PluginApplicationResult
Event: 89.001 loading class org/gradle/tooling/internal/provider/runner/ClientForwardingProjectConfigurationOperationListener$PluginApplicationResult done
Event: 89.001 loading class org/gradle/tooling/internal/protocol/events/InternalPluginIdentifier
Event: 89.001 loading class org/gradle/tooling/internal/protocol/events/InternalPluginIdentifier done
Event: 89.001 loading class org/gradle/tooling/internal/protocol/events/InternalPluginIdentifier
Event: 89.001 loading class org/gradle/tooling/internal/protocol/events/InternalPluginIdentifier done
Event: 89.001 loading class org/gradle/tooling/internal/protocol/events/InternalProjectConfigurationResult$InternalPluginApplicationResult
Event: 89.001 loading class org/gradle/tooling/internal/protocol/events/InternalProjectConfigurationResult$InternalPluginApplicationResult done
Event: 89.039 Thread 0x00000225bc554000 Thread added: 0x00000225bc554000


Dynamic libraries:
0x00007ff75b860000 - 0x00007ff75b86a000 	D:\Android\jre\bin\java.exe
0x00007ff85de30000 - 0x00007ff85e025000 	C:\WINDOWS\SYSTEM32\ntdll.dll
0x00007ff85ce80000 - 0x00007ff85cf3e000 	C:\WINDOWS\System32\KERNEL32.DLL
0x00007ff85b7a0000 - 0x00007ff85ba68000 	C:\WINDOWS\System32\KERNELBASE.dll
0x00007ff85baf0000 - 0x00007ff85bbf0000 	C:\WINDOWS\System32\ucrtbase.dll
0x00007ff857380000 - 0x00007ff857399000 	D:\Android\jre\bin\jli.dll
0x00007ff857360000 - 0x00007ff857377000 	D:\Android\jre\bin\VCRUNTIME140.dll
0x00007ff85c9b0000 - 0x00007ff85cb50000 	C:\WINDOWS\System32\USER32.dll
0x00007ff84c850000 - 0x00007ff84caea000 	C:\WINDOWS\WinSxS\amd64_microsoft.windows.common-controls_6595b64144ccf1df_6.0.19041.1110_none_60b5254171f9507e\COMCTL32.dll
0x00007ff85bec0000 - 0x00007ff85bee2000 	C:\WINDOWS\System32\win32u.dll
0x00007ff85bef0000 - 0x00007ff85bf8e000 	C:\WINDOWS\System32\msvcrt.dll
0x00007ff85c8f0000 - 0x00007ff85c91a000 	C:\WINDOWS\System32\GDI32.dll
0x00007ff85bbf0000 - 0x00007ff85bcfb000 	C:\WINDOWS\System32\gdi32full.dll
0x00007ff85bd00000 - 0x00007ff85bd9d000 	C:\WINDOWS\System32\msvcp_win.dll
0x00007ff85dcc0000 - 0x00007ff85dcf0000 	C:\WINDOWS\System32\IMM32.DLL
0x00007ff84eab0000 - 0x00007ff84eb4d000 	D:\Android\jre\bin\msvcp140.dll
0x00007fffab8c0000 - 0x00007fffac395000 	D:\Android\jre\bin\server\jvm.dll
0x00007ff85c710000 - 0x00007ff85c7be000 	C:\WINDOWS\System32\ADVAPI32.dll
0x00007ff85cb50000 - 0x00007ff85cbec000 	C:\WINDOWS\System32\sechost.dll
0x00007ff85db90000 - 0x00007ff85dcb5000 	C:\WINDOWS\System32\RPCRT4.dll
0x00007ff85d6a0000 - 0x00007ff85d6a8000 	C:\WINDOWS\System32\PSAPI.DLL
0x00007ff8573e0000 - 0x00007ff8573e9000 	C:\WINDOWS\SYSTEM32\WSOCK32.dll
0x00007ff851830000 - 0x00007ff851857000 	C:\WINDOWS\SYSTEM32\WINMM.dll
0x00007ff854f40000 - 0x00007ff854f4a000 	C:\WINDOWS\SYSTEM32\VERSION.dll
0x00007ff85db20000 - 0x00007ff85db8b000 	C:\WINDOWS\System32\WS2_32.dll
0x00007ff8594f0000 - 0x00007ff859502000 	C:\WINDOWS\SYSTEM32\kernel.appcore.dll
0x00007ff851670000 - 0x00007ff851681000 	D:\Android\jre\bin\verify.dll
0x00007ff854180000 - 0x00007ff854364000 	C:\WINDOWS\SYSTEM32\DBGHELP.DLL
0x00007ff844480000 - 0x00007ff8444ac000 	C:\WINDOWS\SYSTEM32\dbgcore.DLL
0x00007ff85b710000 - 0x00007ff85b792000 	C:\WINDOWS\System32\bcryptPrimitives.dll
0x00007ff851180000 - 0x00007ff8511a9000 	D:\Android\jre\bin\java.dll
0x00007ff851cd0000 - 0x00007ff851cdb000 	D:\Android\jre\bin\jimage.dll
0x00007ff8510f0000 - 0x00007ff851108000 	D:\Android\jre\bin\zip.dll
0x00007ff85cf50000 - 0x00007ff85d694000 	C:\WINDOWS\System32\SHELL32.dll
0x00007ff8596f0000 - 0x00007ff859e84000 	C:\WINDOWS\SYSTEM32\windows.storage.dll
0x00007ff85c3b0000 - 0x00007ff85c704000 	C:\WINDOWS\System32\combase.dll
0x00007ff85b020000 - 0x00007ff85b04c000 	C:\WINDOWS\SYSTEM32\Wldp.dll
0x00007ff85c120000 - 0x00007ff85c1cd000 	C:\WINDOWS\System32\SHCORE.dll
0x00007ff85c2f0000 - 0x00007ff85c345000 	C:\WINDOWS\System32\shlwapi.dll
0x00007ff85b4f0000 - 0x00007ff85b50f000 	C:\WINDOWS\SYSTEM32\profapi.dll
0x00007ff850ef0000 - 0x00007ff850f0a000 	D:\Android\jre\bin\net.dll
0x00007ff854fa0000 - 0x00007ff8550aa000 	C:\WINDOWS\SYSTEM32\WINHTTP.dll
0x00007ff85ad80000 - 0x00007ff85adea000 	C:\WINDOWS\system32\mswsock.dll
0x00007ff84fdb0000 - 0x00007ff84fdc4000 	D:\Android\jre\bin\nio.dll
0x00007ffff12f0000 - 0x00007ffff1317000 	C:\Users\Albert Chen\.gradle\native\e1d6ef7f7dcc3fd88c89a11ec53ec762bb8ba0a96d01ffa2cd45eb1d1d8dd5c5\windows-amd64\native-platform.dll
0x00007ff84d260000 - 0x00007ff84d3a4000 	C:\Users\Albert Chen\.gradle\native\5664cfc778a61ccfe75a443a1ab52a65af34e5dc3c78e0209fed803814484fcb\windows-amd64\native-platform-file-events.dll
0x00007ff851c40000 - 0x00007ff851c4a000 	D:\Android\jre\bin\management.dll
0x00007ff850fe0000 - 0x00007ff850fed000 	D:\Android\jre\bin\management_ext.dll
0x00007ff85af80000 - 0x00007ff85af98000 	C:\WINDOWS\SYSTEM32\CRYPTSP.dll
0x00007ff85a690000 - 0x00007ff85a6c4000 	C:\WINDOWS\system32\rsaenh.dll
0x00007ff85bac0000 - 0x00007ff85bae7000 	C:\WINDOWS\System32\bcrypt.dll
0x00007ff85b4b0000 - 0x00007ff85b4de000 	C:\WINDOWS\SYSTEM32\USERENV.dll
0x00007ff85af70000 - 0x00007ff85af7c000 	C:\WINDOWS\SYSTEM32\CRYPTBASE.dll
0x00007ff85aa20000 - 0x00007ff85aa5b000 	C:\WINDOWS\SYSTEM32\IPHLPAPI.DLL
0x00007ff85cf40000 - 0x00007ff85cf48000 	C:\WINDOWS\System32\NSI.dll
0x00007ff855940000 - 0x00007ff855957000 	C:\WINDOWS\SYSTEM32\dhcpcsvc6.DLL
0x00007ff855f90000 - 0x00007ff855fad000 	C:\WINDOWS\SYSTEM32\dhcpcsvc.DLL
0x00007ff85aa60000 - 0x00007ff85ab2b000 	C:\WINDOWS\SYSTEM32\DNSAPI.dll
0x00007ff8387a0000 - 0x00007ff8387c7000 	D:\Android\jre\bin\sunec.dll
0x00007ff84e0a0000 - 0x00007ff84e0aa000 	C:\Windows\System32\rasadhlp.dll
0x00007ff8484f0000 - 0x00007ff84856f000 	C:\WINDOWS\System32\fwpuclnt.dll

dbghelp: loaded successfully - version: 4.0.5 - missing functions: none
symbol engine: initialized successfully - sym options: 0x614 - pdb path: .;D:\Android\jre\bin;C:\WINDOWS\SYSTEM32;C:\WINDOWS\WinSxS\amd64_microsoft.windows.common-controls_6595b64144ccf1df_6.0.19041.1110_none_60b5254171f9507e;D:\Android\jre\bin\server;C:\Users\Albert Chen\.gradle\native\e1d6ef7f7dcc3fd88c89a11ec53ec762bb8ba0a96d01ffa2cd45eb1d1d8dd5c5\windows-amd64;C:\Users\Albert Chen\.gradle\native\5664cfc778a61ccfe75a443a1ab52a65af34e5dc3c78e0209fed803814484fcb\windows-amd64

VM Arguments:
jvm_args: --add-opens=java.base/java.util=ALL-UNNAMED --add-opens=java.base/java.lang=ALL-UNNAMED --add-opens=java.base/java.lang.invoke=ALL-UNNAMED --add-opens=java.base/java.util=ALL-UNNAMED --add-opens=java.prefs/java.util.prefs=ALL-UNNAMED --add-opens=java.prefs/java.util.prefs=ALL-UNNAMED --add-opens=java.base/java.nio.charset=ALL-UNNAMED --add-opens=java.base/java.net=ALL-UNNAMED --add-opens=java.base/java.util.concurrent.atomic=ALL-UNNAMED -Xmx2048m -Dfile.encoding=UTF-8 -Duser.country=US -Duser.language=en -Duser.variant 
java_command: org.gradle.launcher.daemon.bootstrap.GradleDaemon 7.2
java_class_path (initial): C:\Users\Albert Chen\.gradle\wrapper\dists\gradle-7.2-bin\2dnblmf4td7x66yl1d74lt32g\gradle-7.2\lib\gradle-launcher-7.2.jar
Launcher Type: SUN_STANDARD

[Global flags]
     intx CICompilerCount                          = 4                                         {product} {ergonomic}
     uint ConcGCThreads                            = 3                                         {product} {ergonomic}
     uint G1ConcRefinementThreads                  = 10                                        {product} {ergonomic}
   size_t G1HeapRegionSize                         = 1048576                                   {product} {ergonomic}
    uintx GCDrainStackTargetSize                   = 64                                        {product} {ergonomic}
   size_t InitialHeapSize                          = 268435456                                 {product} {ergonomic}
   size_t MarkStackSize                            = 4194304                                   {product} {ergonomic}
   size_t MaxHeapSize                              = 2147483648                                {product} {command line}
   size_t MaxNewSize                               = 1287651328                                {product} {ergonomic}
   size_t MinHeapDeltaBytes                        = 1048576                                   {product} {ergonomic}
    uintx NonNMethodCodeHeapSize                   = 5836300                                {pd product} {ergonomic}
    uintx NonProfiledCodeHeapSize                  = 122910970                              {pd product} {ergonomic}
    uintx ProfiledCodeHeapSize                     = 122910970                              {pd product} {ergonomic}
    uintx ReservedCodeCacheSize                    = 251658240                              {pd product} {ergonomic}
     bool SegmentedCodeCache                       = true                                      {product} {ergonomic}
     bool UseCompressedClassPointers               = true                                 {lp64_product} {ergonomic}
     bool UseCompressedOops                        = true                                 {lp64_product} {ergonomic}
     bool UseG1GC                                  = true                                      {product} {ergonomic}
     bool UseLargePagesIndividualAllocation        = false                                  {pd product} {ergonomic}

Logging:
Log output configuration:
 #0: stdout all=warning uptime,level,tags
 #1: stderr all=off uptime,level,tags

Environment Variables:
PATH=C:\WINDOWS\system32;C:\WINDOWS;C:\WINDOWS\System32\Wbem;C:\WINDOWS\System32\WindowsPowerShell\v1.0\;C:\WINDOWS\System32\OpenSSH\;C:\Program Files\NVIDIA Corporation\NVIDIA NvDLISR;C:\Program Files (x86)\NVIDIA Corporation\PhysX\Common;C:\Program Files\Git\cmd;C:\Program Files\Git\bin\;C:\Program Files\Git\cmd\;C:\Users\Albert Chen\AppData\Local\Microsoft\WindowsApps;
USERNAME=Albert Chen
OS=Windows_NT
PROCESSOR_IDENTIFIER=Intel64 Family 6 Model 165 Stepping 3, GenuineIntel



---------------  S Y S T E M  ---------------

OS: Windows 10 , 64 bit Build 19041 (10.0.19041.1645)
OS uptime: 16 days 7:26 hours

CPU:total 12 (initial active 12) (6 cores per cpu, 2 threads per core) family 6 model 165 stepping 3 microcode 0xe0, cmov, cx8, fxsr, mmx, sse, sse2, sse3, ssse3, sse4.1, sse4.2, popcnt, avx, avx2, aes, clmul, erms, 3dnowpref, lzcnt, ht, tsc, tscinvbit, bmi1, bmi2, adx, fma

Memory: 4k page, system-wide physical 16304M (293M free)
TotalPageFile size 30474M (AvailPageFile size 1M)
current process WorkingSet (physical memory assigned to process): 550M, peak: 568M
current process commit charge ("private bytes"): 591M, peak: 611M

vm_info: OpenJDK 64-Bit Server VM (11.0.11+9-b60-7590822) for windows-amd64 JRE (11.0.11+9-b60-7590822), built on Jul 29 2021 21:43:44 by "builder" with MS VC++ 14.0 (VS2015)

END.
